<?xml version="1.0" encoding="UTF-8"?>
<!-- Generated by org.testng.reporters.JUnitReportReporter -->
<testsuite hostname="DESKTOP-3RHQS1L" failures="0" tests="2" name="PracticeForMAVEN.CreateContactDemoTest" time="4.915" errors="0" timestamp="2023-12-08T21:24:16 IST" skipped="0">
  <testcase classname="PracticeForMAVEN.CreateContactDemoTest" name="m1Test" time="4.913"/>
  <system-out/>
  <testcase classname="PracticeForMAVEN.CreateContactDemoTest" name="m2Test" time="0.002"/>
  <system-out/>
</testsuite> <!-- PracticeForMAVEN.CreateContactDemoTest -->
